<?xml version="1.0" encoding="UTF-8"?>
<!-- Generated by org.testng.reporters.JUnitXMLReporter -->
<testsuite ignored="1" hostname="RAJRATNA" failures="1" tests="22" name="Test" time="0.365" errors="0" timestamp="2022-12-20T20:11:23 IST">
  <testcase classname="com.Practice.InvocationCount" name="forgotpassword" time="0.027"/>
  <testcase classname="com.Practice.InvocationCount" name="forgotpassword" time="0.003"/>
  <testcase classname="com.Practice.InvocationCount" name="forgotpassword" time="0.002"/>
  <testcase classname="com.Practice.InvocationCount" name="signpage" time="0.005"/>
  <testcase classname="com.Practice.InvocationCount" name="loginpage" time="0.002"/>
  <testcase classname="com.Practice.InvocationCount" name="homepage" time="0.007"/>
  <testcase classname="com.Practice.InvocationCount" name="data" time="0.003"/>
  <testcase classname="com.Practice.Sample" name="test" time="0.006"/>
  <testcase classname="com.Practice.Enabled" name="forgotpassword" time="0.003"/>
  <testcase classname="com.Practice.Enabled" name="signpage" time="0.003"/>
  <testcase classname="com.Practice.Enabled" name="loginpage" time="0.003"/>
  <testcase classname="com.Practice.Enabled" name="data" time="0.002"/>
  <testcase classname="com.Practice.DependsOnMethod" name="forgotpassword" time="0.007"/>
  <testcase classname="com.Practice.DependsOnMethod" name="data" time="0.008">
    <failure type="java.lang.AssertionError" message="null">
      <![CDATA[java.lang.AssertionError: null
at com.Practice.DependsOnMethod.data(DependsOnMethod.java:39)
at java.base/java.util.ArrayList.forEach(ArrayList.java:1511)
... Removed 27 stack frames]]>
    </failure>
  </testcase> <!-- data -->
  <testcase classname="com.Practice.DependsOnMethod" name="loginpage" time="0.0">
    <skipped/>
  </testcase> <!-- loginpage -->
  <testcase classname="com.Practice.DependsOnMethod" name="signpage" time="0.005"/>
  <testcase classname="com.Practice.DependsOnMethod" name="homepage" time="0.006"/>
  <testcase classname="com.Practice.Sample1" name="forgotpassword" time="0.002"/>
  <testcase classname="com.Practice.Sample1" name="signpage" time="0.001"/>
  <testcase classname="com.Practice.Sample1" name="loginpage" time="0.002"/>
  <testcase classname="com.Practice.Sample1" name="homepage" time="0.003"/>
  <testcase classname="com.Practice.Sample1" name="data" time="0.004"/>
  <testcase classname="com.Practice.Enabled" name="homepage" time="0.0">
    <ignored/>
  </testcase> <!-- homepage -->
</testsuite> <!-- Test -->
